Traceback (most recent call last):
  File "dnkbot.py", line 3, in <module>
    import boto3
ImportError: No module named boto3
Traceback (most recent call last):
  File "dnkbot.py", line 3, in <module>
    import boto3
ImportError: No module named boto3
Argument List: ['dnkbot.py']
DNK Bot connected and running!
Caught slack connect error, trying to reconnect...
Caught slack connect error, trying to reconnect...
Caught slack connect error, trying to reconnect...
Caught slack connect error, trying to reconnect...
Caught slack connect error, trying to reconnect...
'debug1'
Caught slack connect error, trying to reconnect...
Caught slack connect error, trying to reconnect...
Caught slack connect error, trying to reconnect...
Caught slack connect error, trying to reconnect...
Caught slack connect error, trying to reconnect...
Caught slack connect error, trying to reconnect...
Caught slack connect error, trying to reconnect...
Caught slack connect error, trying to reconnect...
Caught slack connect error, trying to reconnect...
'debug1'
'debug1'
Caught slack connect error, trying to reconnect...
Caught slack connect error, trying to reconnect...
Caught slack connect error, trying to reconnect...
Caught slack connect error, trying to reconnect...
Caught slack connect error, trying to reconnect...
Caught slack connect error, trying to reconnect...
'debug1'
Caught slack connect error, trying to reconnect...
Caught slack connect error, trying to reconnect...
Caught slack connect error, trying to reconnect...
Caught slack connect error, trying to reconnect...
Caught slack connect error, trying to reconnect...
Caught slack connect error, trying to reconnect...
'debug1'
Caught slack connect error, trying to reconnect...
Caught slack connect error, trying to reconnect...
Caught slack connect error, trying to reconnect...
Caught slack connect error, trying to reconnect...
Caught slack connect error, trying to reconnect...
Caught slack connect error, trying to reconnect...
Caught slack connect error, trying to reconnect...
Caught slack connect error, trying to reconnect...
Caught slack connect error, trying to reconnect...
Caught slack connect error, trying to reconnect...
Caught slack connect error, trying to reconnect...
Caught slack connect error, trying to reconnect...
Caught slack connect error, trying to reconnect...
Caught slack connect error, trying to reconnect...
Caught slack connect error, trying to reconnect...
Caught slack connect error, trying to reconnect...
Caught slack connect error, trying to reconnect...
Caught slack connect error, trying to reconnect...
Caught slack connect error, trying to reconnect...
'debug1'
Caught slack connect error, trying to reconnect...
Caught slack connect error, trying to reconnect...
Caught slack connect error, trying to reconnect...
Caught slack connect error, trying to reconnect...
Caught slack connect error, trying to reconnect...
Caught slack connect error, trying to reconnect...
Caught slack connect error, trying to reconnect...
Caught slack connect error, trying to reconnect...
Caught slack connect error, trying to reconnect...
Caught slack connect error, trying to reconnect...
Caught slack connect error, trying to reconnect...
Caught slack connect error, trying to reconnect...
Caught slack connect error, trying to reconnect...
Caught slack connect error, trying to reconnect...
Caught slack connect error, trying to reconnect...
Caught slack connect error, trying to reconnect...
Caught slack connect error, trying to reconnect...
Caught slack connect error, trying to reconnect...
Caught slack connect error, trying to reconnect...
'debug1'
'debug1'
'debug1'
Caught slack connect error, trying to reconnect...
Caught slack connect error, trying to reconnect...
Caught slack connect error, trying to reconnect...
Caught slack connect error, trying to reconnect...
Caught slack connect error, trying to reconnect...
Caught slack connect error, trying to reconnect...
Caught slack connect error, trying to reconnect...
Caught slack connect error, trying to reconnect...
Caught slack connect error, trying to reconnect...
Caught slack connect error, trying to reconnect...
Caught slack connect error, trying to reconnect...
Caught slack connect error, trying to reconnect...
'debug1'
'debug1'
Caught slack connect error, trying to reconnect...
'debug1'
Caught slack connect error, trying to reconnect...
Caught slack connect error, trying to reconnect...
Caught slack connect error, trying to reconnect...
Caught slack connect error, trying to reconnect...
Caught slack connect error, trying to reconnect...
'debug1'
Caught slack connect error, trying to reconnect...
Caught slack connect error, trying to reconnect...
Caught slack connect error, trying to reconnect...
Caught slack connect error, trying to reconnect...
Caught slack connect error, trying to reconnect...
Caught slack connect error, trying to reconnect...
'debug1'
'debug1'
Caught slack connect error, trying to reconnect...
Caught slack connect error, trying to reconnect...
Caught slack connect error, trying to reconnect...
Caught slack connect error, trying to reconnect...
Caught slack connect error, trying to reconnect...
Caught slack connect error, trying to reconnect...
Caught slack connect error, trying to reconnect...
Caught slack connect error, trying to reconnect...
'debug1'
Caught slack connect error, trying to reconnect...
Caught slack connect error, trying to reconnect...
Caught slack connect error, trying to reconnect...
Caught slack connect error, trying to reconnect...
Caught slack connect error, trying to reconnect...
Caught slack connect error, trying to reconnect...
'debug1'
Caught slack connect error, trying to reconnect...
Caught slack connect error, trying to reconnect...
Caught slack connect error, trying to reconnect...
Caught slack connect error, trying to reconnect...
Caught slack connect error, trying to reconnect...
'debug1'
Caught slack connect error, trying to reconnect...
Caught slack connect error, trying to reconnect...
Caught slack connect error, trying to reconnect...
Caught slack connect error, trying to reconnect...
Caught slack connect error, trying to reconnect...
'debug1'
Caught slack connect error, trying to reconnect...
Caught slack connect error, trying to reconnect...
Caught slack connect error, trying to reconnect...
Caught slack connect error, trying to reconnect...
Caught slack connect error, trying to reconnect...
Caught slack connect error, trying to reconnect...
Caught slack connect error, trying to reconnect...
Caught slack connect error, trying to reconnect...
'debug1'
Caught slack connect error, trying to reconnect...
'debug1'
Caught slack connect error, trying to reconnect...
Caught slack connect error, trying to reconnect...
'debug1'
Caught slack connect error, trying to reconnect...
Caught slack connect error, trying to reconnect...
Caught slack connect error, trying to reconnect...
Caught slack connect error, trying to reconnect...
Caught slack connect error, trying to reconnect...
Caught slack connect error, trying to reconnect...
Caught slack connect error, trying to reconnect...
Caught slack connect error, trying to reconnect...
Caught slack connect error, trying to reconnect...
Caught slack connect error, trying to reconnect...
Caught slack connect error, trying to reconnect...
Caught slack connect error, trying to reconnect...
Caught slack connect error, trying to reconnect...
Caught slack connect error, trying to reconnect...
Caught slack connect error, trying to reconnect...
Caught slack connect error, trying to reconnect...
Caught slack connect error, trying to reconnect...
Caught slack connect error, trying to reconnect...
Caught slack connect error, trying to reconnect...
'debug1'
Caught slack connect error, trying to reconnect...
Caught slack connect error, trying to reconnect...
Caught slack connect error, trying to reconnect...
Caught slack connect error, trying to reconnect...
Caught slack connect error, trying to reconnect...
Caught slack connect error, trying to reconnect...
Caught slack connect error, trying to reconnect...
Caught slack connect error, trying to reconnect...
Caught slack connect error, trying to reconnect...
Caught slack connect error, trying to reconnect...
Caught slack connect error, trying to reconnect...
Caught slack connect error, trying to reconnect...
Caught slack connect error, trying to reconnect...
Caught slack connect error, trying to reconnect...
Caught slack connect error, trying to reconnect...
Caught slack connect error, trying to reconnect...
Caught slack connect error, trying to reconnect...
Caught slack connect error, trying to reconnect...
Caught slack connect error, trying to reconnect...
Caught slack connect error, trying to reconnect...
'debug1'
Caught slack connect error, trying to reconnect...
Caught slack connect error, trying to reconnect...
Caught slack connect error, trying to reconnect...
Caught slack connect error, trying to reconnect...
Caught slack connect error, trying to reconnect...
Caught slack connect error, trying to reconnect...
'debug1'
Caught slack connect error, trying to reconnect...
Caught slack connect error, trying to reconnect...
Caught slack connect error, trying to reconnect...
Caught slack connect error, trying to reconnect...
Caught slack connect error, trying to reconnect...
Caught slack connect error, trying to reconnect...
Caught slack connect error, trying to reconnect...
Caught slack connect error, trying to reconnect...
Caught slack connect error, trying to reconnect...
Caught slack connect error, trying to reconnect...
Caught slack connect error, trying to reconnect...
Caught slack connect error, trying to reconnect...
Caught slack connect error, trying to reconnect...
Caught slack connect error, trying to reconnect...
Caught slack connect error, trying to reconnect...
Caught slack connect error, trying to reconnect...
Caught slack connect error, trying to reconnect...
Caught slack connect error, trying to reconnect...
Caught slack connect error, trying to reconnect...
Caught slack connect error, trying to reconnect...
Caught slack connect error, trying to reconnect...
Caught slack connect error, trying to reconnect...
Caught slack connect error, trying to reconnect...
Caught slack connect error, trying to reconnect...
Caught slack connect error, trying to reconnect...
Caught slack connect error, trying to reconnect...
Caught slack connect error, trying to reconnect...
Caught slack connect error, trying to reconnect...
Caught slack connect error, trying to reconnect...
Caught slack connect error, trying to reconnect...
Caught slack connect error, trying to reconnect...
Caught slack connect error, trying to reconnect...
Caught slack connect error, trying to reconnect...
Caught slack connect error, trying to reconnect...
Caught slack connect error, trying to reconnect...
Caught slack connect error, trying to reconnect...
Caught slack connect error, trying to reconnect...
Caught slack connect error, trying to reconnect...
Caught slack connect error, trying to reconnect...
Caught slack connect error, trying to reconnect...
Caught slack connect error, trying to reconnect...
'debug1'
'debug1'
Caught slack connect error, trying to reconnect...
Caught slack connect error, trying to reconnect...
Caught slack connect error, trying to reconnect...
Caught slack connect error, trying to reconnect...
Caught slack connect error, trying to reconnect...
Caught slack connect error, trying to reconnect...
Caught slack connect error, trying to reconnect...
Caught slack connect error, trying to reconnect...
Caught slack connect error, trying to reconnect...
Caught slack connect error, trying to reconnect...
Caught slack connect error, trying to reconnect...
Caught slack connect error, trying to reconnect...
Caught slack connect error, trying to reconnect...
Caught slack connect error, trying to reconnect...
Caught slack connect error, trying to reconnect...
Caught slack connect error, trying to reconnect...
Caught slack connect error, trying to reconnect...
Caught slack connect error, trying to reconnect...
Caught slack connect error, trying to reconnect...
Caught slack connect error, trying to reconnect...
'debug1'
'debug1'
'debug1'
'debug1'
Caught slack connect error, trying to reconnect...
Caught slack connect error, trying to reconnect...
Caught slack connect error, trying to reconnect...
Caught slack connect error, trying to reconnect...
'debug1'
Caught slack connect error, trying to reconnect...
Caught slack connect error, trying to reconnect...
Caught slack connect error, trying to reconnect...
Caught slack connect error, trying to reconnect...
Caught slack connect error, trying to reconnect...
'debug1'
Caught slack connect error, trying to reconnect...
Caught slack connect error, trying to reconnect...
Caught slack connect error, trying to reconnect...
Caught slack connect error, trying to reconnect...
Caught slack connect error, trying to reconnect...
Caught slack connect error, trying to reconnect...
Caught slack connect error, trying to reconnect...
Caught slack connect error, trying to reconnect...
'debug1'
Caught slack connect error, trying to reconnect...
'debug1'
'debug1'
'debug1'
Caught slack connect error, trying to reconnect...
Caught slack connect error, trying to reconnect...
Caught slack connect error, trying to reconnect...
'debug1'
Caught slack connect error, trying to reconnect...
Caught slack connect error, trying to reconnect...
Caught slack connect error, trying to reconnect...
'debug1'
'debug1'
Caught slack connect error, trying to reconnect...
Caught slack connect error, trying to reconnect...
Caught slack connect error, trying to reconnect...
Caught slack connect error, trying to reconnect...
Caught slack connect error, trying to reconnect...
Caught slack connect error, trying to reconnect...
'debug1'
Caught slack connect error, trying to reconnect...
Caught slack connect error, trying to reconnect...
Caught slack connect error, trying to reconnect...
Caught slack connect error, trying to reconnect...
Caught slack connect error, trying to reconnect...
Caught slack connect error, trying to reconnect...
Caught slack connect error, trying to reconnect...
Caught slack connect error, trying to reconnect...
'debug1'
Caught slack connect error, trying to reconnect...
Caught slack connect error, trying to reconnect...
Caught slack connect error, trying to reconnect...
Caught slack connect error, trying to reconnect...
Caught slack connect error, trying to reconnect...
Caught slack connect error, trying to reconnect...
Caught slack connect error, trying to reconnect...
Caught slack connect error, trying to reconnect...
Caught slack connect error, trying to reconnect...
Caught slack connect error, trying to reconnect...
Caught slack connect error, trying to reconnect...
Caught slack connect error, trying to reconnect...
'debug1'
Caught slack connect error, trying to reconnect...
'debug1'
Caught slack connect error, trying to reconnect...
Caught slack connect error, trying to reconnect...
Caught slack connect error, trying to reconnect...
Caught slack connect error, trying to reconnect...
Caught slack connect error, trying to reconnect...
Caught slack connect error, trying to reconnect...
Caught slack connect error, trying to reconnect...
Caught slack connect error, trying to reconnect...
Caught slack connect error, trying to reconnect...
Caught slack connect error, trying to reconnect...
'debug1'
Caught slack connect error, trying to reconnect...
Caught slack connect error, trying to reconnect...
Caught slack connect error, trying to reconnect...
Caught slack connect error, trying to reconnect...
'debug1'
Caught slack connect error, trying to reconnect...
Caught slack connect error, trying to reconnect...
Caught slack connect error, trying to reconnect...
Caught slack connect error, trying to reconnect...
Caught slack connect error, trying to reconnect...
'debug1'
'debug1'
Caught slack connect error, trying to reconnect...
'debug1'
Caught slack connect error, trying to reconnect...
Caught slack connect error, trying to reconnect...
Caught slack connect error, trying to reconnect...
Caught slack connect error, trying to reconnect...
Caught slack connect error, trying to reconnect...
Caught slack connect error, trying to reconnect...
Caught slack connect error, trying to reconnect...
Caught slack connect error, trying to reconnect...
'debug1'
Caught slack connect error, trying to reconnect...
'debug1'
Caught slack connect error, trying to reconnect...
Caught slack connect error, trying to reconnect...
'debug1'
Caught slack connect error, trying to reconnect...